<?xml version="1.0" encoding="UTF-8"?>
<coverage generated="1626946598">
  <project timestamp="1626946598">
    <file name="Z:\wamp\www\repositories\afd-postcode-evolution\src\AFD.php">
      <class name="AFD\AFD" namespace="global">
        <metrics complexity="27" methods="13" coveredmethods="7" conditionals="0" coveredconditionals="0" statements="54" coveredstatements="35" elements="67" coveredelements="42"/>
      </class>
      <line num="13" type="stmt" count="0"/>
      <line num="35" type="method" name="setHost" visibility="public" complexity="1" crap="1" count="3"/>
      <line num="37" type="stmt" count="3"/>
      <line num="38" type="stmt" count="3"/>
      <line num="45" type="method" name="getHost" visibility="public" complexity="1" crap="1" count="4"/>
      <line num="47" type="stmt" count="4"/>
      <line num="55" type="method" name="setPort" visibility="public" complexity="3" crap="3" count="2"/>
      <line num="57" type="stmt" count="2"/>
      <line num="58" type="stmt" count="2"/>
      <line num="60" type="stmt" count="2"/>
      <line num="67" type="method" name="getPort" visibility="public" complexity="1" crap="1" count="4"/>
      <line num="69" type="stmt" count="4"/>
      <line num="77" type="method" name="findAddresses" visibility="public" complexity="3" crap="3" count="1"/>
      <line num="79" type="stmt" count="1"/>
      <line num="80" type="stmt" count="1"/>
      <line num="81" type="stmt" count="1"/>
      <line num="82" type="stmt" count="1"/>
      <line num="83" type="stmt" count="1"/>
      <line num="84" type="stmt" count="1"/>
      <line num="85" type="stmt" count="1"/>
      <line num="87" type="stmt" count="1"/>
      <line num="89" type="stmt" count="1"/>
      <line num="97" type="method" name="postcodeDetails" visibility="public" complexity="2" crap="2.06" count="1"/>
      <line num="99" type="stmt" count="1"/>
      <line num="100" type="stmt" count="1"/>
      <line num="101" type="stmt" count="1"/>
      <line num="103" type="stmt" count="0"/>
      <line num="111" type="method" name="setAddress" visibility="public" complexity="2" crap="2" count="2"/>
      <line num="113" type="stmt" count="2"/>
      <line num="114" type="stmt" count="2"/>
      <line num="115" type="stmt" count="2"/>
      <line num="116" type="stmt" count="2"/>
      <line num="118" type="stmt" count="2"/>
      <line num="125" type="method" name="getLatitude" visibility="public" complexity="2" crap="2.15" count="1"/>
      <line num="127" type="stmt" count="1"/>
      <line num="128" type="stmt" count="1"/>
      <line num="130" type="stmt" count="0"/>
      <line num="137" type="method" name="getLongitude" visibility="public" complexity="2" crap="2.15" count="1"/>
      <line num="139" type="stmt" count="1"/>
      <line num="140" type="stmt" count="1"/>
      <line num="142" type="stmt" count="0"/>
      <line num="149" type="method" name="programActive" visibility="public" complexity="2" crap="2" count="1"/>
      <line num="151" type="stmt" count="1"/>
      <line num="152" type="stmt" count="1"/>
      <line num="158" type="method" name="buildHouseAddress" visibility="protected" complexity="4" crap="20" count="0"/>
      <line num="160" type="stmt" count="0"/>
      <line num="161" type="stmt" count="0"/>
      <line num="162" type="stmt" count="0"/>
      <line num="163" type="stmt" count="0"/>
      <line num="164" type="stmt" count="0"/>
      <line num="165" type="stmt" count="0"/>
      <line num="166" type="stmt" count="0"/>
      <line num="168" type="stmt" count="0"/>
      <line num="169" type="stmt" count="0"/>
      <line num="170" type="stmt" count="0"/>
      <line num="172" type="stmt" count="0"/>
      <line num="173" type="stmt" count="0"/>
      <line num="175" type="stmt" count="0"/>
      <line num="182" type="method" name="getAddressInfo" visibility="public" complexity="1" crap="2" count="0"/>
      <line num="184" type="stmt" count="0"/>
      <line num="192" type="method" name="getData" visibility="protected" complexity="3" crap="3.21" count="1"/>
      <line num="194" type="stmt" count="1"/>
      <line num="196" type="stmt" count="1"/>
      <line num="197" type="stmt" count="0"/>
      <line num="198" type="stmt" count="0"/>
      <line num="200" type="stmt" count="1"/>
      <line num="201" type="stmt" count="1"/>
      <line num="203" type="stmt" count="1"/>
      <metrics loc="205" ncloc="144" classes="1" methods="13" coveredmethods="7" conditionals="0" coveredconditionals="0" statements="55" coveredstatements="35" elements="68" coveredelements="42"/>
    </file>
    <metrics files="1" loc="205" ncloc="144" classes="1" methods="13" coveredmethods="7" conditionals="0" coveredconditionals="0" statements="55" coveredstatements="35" elements="68" coveredelements="42"/>
  </project>
</coverage>
